[main 0d642ab] Daily practice: 2026-04-26 14:00:50
 2 files changed, 14 insertions(+), 24 deletions(-)
 create mode 100644 cron.log
fatal: could not read Username for 'https://github.com': Device not configured
Selected file: InvertBinaryTree.py at 2026-04-26 14:00:50
Git operation failed: Command '['git', 'push']' returned non-zero exit status 128.
[main 8b71c3a] Daily practice: 2026-04-26 20:00:01
 1 file changed, 6 insertions(+)
fatal: could not read Username for 'https://github.com': Device not configured
Selected file: InvertBinaryTree.py at 2026-04-26 20:00:01
Git operation failed: Command '['git', 'push']' returned non-zero exit status 128.
[main 5079fb7] Daily practice: 2026-04-27 09:00:01
 2 files changed, 18 insertions(+), 18 deletions(-)
fatal: could not read Username for 'https://github.com': Device not configured
Selected file: ValidParenthesis.py at 2026-04-27 09:00:01
Git operation failed: Command '['git', 'push']' returned non-zero exit status 128.
[main b6db1e2] Daily practice: 2026-04-27 14:00:01
 2 files changed, 27 insertions(+), 13 deletions(-)
fatal: could not read Username for 'https://github.com': Device not configured
Selected file: TopKFrequentElements.py at 2026-04-27 14:00:01
Git operation failed: Command '['git', 'push']' returned non-zero exit status 128.
[main abc82e4] Daily practice: 2026-04-27 20:00:01
 2 files changed, 18 insertions(+), 21 deletions(-)
fatal: could not read Username for 'https://github.com': Device not configured
Selected file: ReverseLinkedList.py at 2026-04-27 20:00:01
Git operation failed: Command '['git', 'push']' returned non-zero exit status 128.
[main 15f6dc1] Daily practice: 2026-04-28 09:00:01
 1 file changed, 24 insertions(+), 10 deletions(-)
fatal: could not read Username for 'https://github.com': Device not configured
Selected file: BinaryTreeLevelOrderTraversal.py at 2026-04-28 09:00:01
Git operation failed: Command '['git', 'push']' returned non-zero exit status 128.
[main c987304] Daily practice: 2026-04-28 14:00:01
 2 files changed, 17 insertions(+), 25 deletions(-)
fatal: could not read Username for 'https://github.com': Device not configured
Selected file: ReverseLinkedList.py at 2026-04-28 14:00:00
Git operation failed: Command '['git', 'push']' returned non-zero exit status 128.
[main 6eaffc2] Daily practice: 2026-04-28 20:04:05
 2 files changed, 30 insertions(+), 12 deletions(-)
fatal: could not read Username for 'https://github.com': Device not configured
Selected file: BinaryTreeLevelOrderTraversal.py at 2026-04-28 20:04:04
Git operation failed: Command '['git', 'push']' returned non-zero exit status 128.
[main fa63876] Daily practice: 2026-04-29 14:00:01
 2 files changed, 21 insertions(+), 24 deletions(-)
fatal: could not read Username for 'https://github.com': Device not configured
Selected file: 3Sum.py at 2026-04-29 14:00:01
Git operation failed: Command '['git', 'push']' returned non-zero exit status 128.
[main c68ab57] Daily practice: 2026-04-30 14:00:02
 1 file changed, 11 insertions(+), 30 deletions(-)
fatal: could not read Username for 'https://github.com': Device not configured
Selected file: LongestRepeatingCharReplacement.py at 2026-04-30 14:00:02
Git operation failed: Command '['git', 'push']' returned non-zero exit status 128.
[main 1e4dcbf] Daily practice: 2026-05-01 09:00:02
 2 files changed, 30 insertions(+), 11 deletions(-)
fatal: could not read Username for 'https://github.com': Device not configured
Selected file: ValidBST.py at 2026-05-01 09:00:01
Git operation failed: Command '['git', 'push']' returned non-zero exit status 128.
[main 3749db1] Daily practice: 2026-05-01 14:00:00
 1 file changed, 38 insertions(+), 18 deletions(-)
fatal: could not read Username for 'https://github.com': Device not configured
Selected file: NumberOfConnectedCompDAG.py at 2026-05-01 14:00:00
Git operation failed: Command '['git', 'push']' returned non-zero exit status 128.
[main 21037f0] Daily practice: 2026-05-02 20:00:01
 2 files changed, 36 insertions(+), 38 deletions(-)
To github.com:hasanpeal/Blind75.git
   bb6a3e9..21037f0  main -> main
Selected file: ImplementTriePrefixTree.py at 2026-05-02 20:00:01
[main 21694e6] Daily practice: 2026-05-03 09:00:01
 2 files changed, 33 insertions(+), 30 deletions(-)
To github.com:hasanpeal/Blind75.git
   21037f0..21694e6  main -> main
Selected file: ValidSudoku.py at 2026-05-03 09:00:01
[main 70d59d6] Daily practice: 2026-05-03 14:00:01
 2 files changed, 23 insertions(+), 29 deletions(-)
To github.com:hasanpeal/Blind75.git
   21694e6..70d59d6  main -> main
Selected file: LongestConsecutiveSequence.py at 2026-05-03 14:00:01
[main 2871ba3] Daily practice: 2026-05-03 14:30:00
 2 files changed, 20 insertions(+), 16 deletions(-)
To github.com:hasanpeal/Blind75.git
   70d59d6..2871ba3  main -> main
Selected file: 3Sum.py at 2026-05-03 14:30:00
[main e93d1cf] Daily practice: 2026-05-03 15:00:00
 2 files changed, 32 insertions(+), 18 deletions(-)
To github.com:hasanpeal/Blind75.git
   2871ba3..e93d1cf  main -> main
Selected file: FindMedianFromDataStream.py at 2026-05-03 15:00:00
[main a7f5ed0] Daily practice: 2026-05-03 15:30:00
 2 files changed, 21 insertions(+), 26 deletions(-)
To github.com:hasanpeal/Blind75.git
   e93d1cf..a7f5ed0  main -> main
Selected file: GroupAnagram.py at 2026-05-03 15:30:00
[main d732ed1] Daily practice: 2026-05-03 16:00:00
 2 files changed, 96 insertions(+), 18 deletions(-)
To github.com:hasanpeal/Blind75.git
   a7f5ed0..d732ed1  main -> main
Selected file: cron.log at 2026-05-03 16:00:00
[main 09ca5bc] Daily practice: 2026-05-03 16:30:00
 2 files changed, 253 insertions(+), 91 deletions(-)
To github.com:hasanpeal/Blind75.git
   d732ed1..09ca5bc  main -> main
Selected file: gitscript.log at 2026-05-03 16:30:00
[main 4028120] Daily practice: 2026-05-03 17:00:01
 2 files changed, 33 insertions(+), 248 deletions(-)
To github.com:hasanpeal/Blind75.git
   09ca5bc..4028120  main -> main
Selected file: MergeK-SortedLinkedList.py at 2026-05-03 17:00:00
[main db08295] Daily practice: 2026-05-03 20:00:01
 2 files changed, 30 insertions(+), 25 deletions(-)
To github.com:hasanpeal/Blind75.git
   4028120..db08295  main -> main
Selected file: FindMedianFromDataStream.py at 2026-05-03 20:00:01
