2025-04-11 23:44:53,771 - INFO - Script started
2025-04-11 23:44:53,771 - INFO - Selected file: ValidParenthesis.py at 2025-04-11 23:44:53
2025-04-11 23:44:53,772 - INFO - Successfully copied content from ValidParenthesis.py to practice.py
2025-04-11 23:44:54,361 - INFO - Git operations completed successfully
2025-04-11 23:44:54,361 - INFO - Selected file: BinaryTreeLevelOrderTraversal.py at 2025-04-11 23:44:54
2025-04-11 23:44:54,362 - INFO - Successfully copied content from BinaryTreeLevelOrderTraversal.py to practice.py
2025-04-11 23:44:54,948 - INFO - Git operations completed successfully
2025-04-11 23:44:54,949 - INFO - Selected file: SearchInRotatedArray.py at 2025-04-11 23:44:54
2025-04-11 23:44:54,950 - INFO - Successfully copied content from SearchInRotatedArray.py to practice.py
2025-04-11 23:44:55,555 - INFO - Git operations completed successfully
2025-04-11 23:44:55,555 - INFO - Selected file: SameBinaryTree.py at 2025-04-11 23:44:55
2025-04-11 23:44:55,556 - INFO - Successfully copied content from SameBinaryTree.py to practice.py
2025-04-11 23:44:56,156 - INFO - Git operations completed successfully
2025-04-11 23:44:56,157 - INFO - Selected file: CloneGraph.py at 2025-04-11 23:44:56
2025-04-11 23:44:56,158 - INFO - Successfully copied content from CloneGraph.py to practice.py
2025-04-11 23:44:56,755 - INFO - Git operations completed successfully
2025-04-11 23:44:56,755 - INFO - Selected file: ProductOfArrayItself.py at 2025-04-11 23:44:56
2025-04-11 23:44:56,755 - INFO - Successfully copied content from ProductOfArrayItself.py to practice.py
2025-04-11 23:44:57,388 - INFO - Git operations completed successfully
2025-04-11 23:44:57,390 - INFO - Selected file: GroupAnagram.py at 2025-04-11 23:44:57
2025-04-11 23:44:57,391 - INFO - Successfully copied content from GroupAnagram.py to practice.py
2025-04-11 23:44:57,996 - INFO - Git operations completed successfully
2025-04-11 23:44:57,996 - INFO - Selected file: ContainerWithMostWater.py at 2025-04-11 23:44:57
2025-04-11 23:44:57,997 - INFO - Successfully copied content from ContainerWithMostWater.py to practice.py
2025-04-11 23:44:58,554 - INFO - Git operations completed successfully
2025-04-11 23:44:58,555 - INFO - Selected file: MergeK-SortedLinkedList.py at 2025-04-11 23:44:58
2025-04-11 23:44:58,556 - INFO - Successfully copied content from MergeK-SortedLinkedList.py to practice.py
2025-04-11 23:44:59,128 - INFO - Git operations completed successfully
2025-04-11 23:44:59,129 - INFO - Selected file: BestTimeBuySellStock.py at 2025-04-11 23:44:59
2025-04-11 23:44:59,129 - INFO - Successfully copied content from BestTimeBuySellStock.py to practice.py
2025-04-11 23:44:59,688 - INFO - Git operations completed successfully
2025-04-12 00:13:43,675 - INFO - Script started
2025-04-12 00:13:43,676 - INFO - Selected file: BinaryTreeLevelOrderTraversal.py at 2025-04-12 00:13:43
2025-04-12 00:13:43,677 - INFO - Successfully copied content from BinaryTreeLevelOrderTraversal.py to practice.py
2025-04-12 00:13:44,311 - INFO - Git operations completed successfully
2025-04-12 00:13:44,311 - INFO - Waiting until 2025-04-12 00:57:48...
2025-04-13 11:38:24,327 - INFO - Script started
2025-04-13 11:38:24,328 - INFO - Selected file: EncodeDecodeString.py at 2025-04-13 11:38:24
2025-04-13 11:38:24,328 - INFO - Successfully copied content from EncodeDecodeString.py to practice.py
2025-04-13 11:38:24,912 - INFO - Git operations completed successfully
2025-04-13 11:38:24,913 - INFO - Selected file: GraphValidTree.py at 2025-04-13 11:38:24
2025-04-13 11:38:24,913 - INFO - Successfully copied content from GraphValidTree.py to practice.py
2025-04-13 11:38:25,468 - INFO - Git operations completed successfully
2025-04-13 11:38:25,469 - INFO - Selected file: TopKFrequentElements.py at 2025-04-13 11:38:25
2025-04-13 11:38:25,469 - INFO - Successfully copied content from TopKFrequentElements.py to practice.py
2025-04-13 11:38:26,025 - INFO - Git operations completed successfully
2025-04-13 11:38:26,026 - INFO - Selected file: GraphValidTree.py at 2025-04-13 11:38:26
2025-04-13 11:38:26,026 - INFO - Successfully copied content from GraphValidTree.py to practice.py
2025-04-13 11:38:26,611 - INFO - Git operations completed successfully
2025-04-13 11:38:26,612 - INFO - Selected file: KthSmallestIntegerBST.py at 2025-04-13 11:38:26
2025-04-13 11:38:26,613 - INFO - Successfully copied content from KthSmallestIntegerBST.py to practice.py
2025-04-13 11:38:27,215 - INFO - Git operations completed successfully
2025-04-13 11:38:27,215 - INFO - Selected file: SerializeDeserializeBinaryTree.py at 2025-04-13 11:38:27
2025-04-13 11:38:27,215 - INFO - Successfully copied content from SerializeDeserializeBinaryTree.py to practice.py
2025-04-13 11:38:27,746 - INFO - Git operations completed successfully
2025-04-13 11:38:27,746 - INFO - Waiting until 2025-04-13 15:15:02...
2025-04-14 14:04:15,293 - INFO - Script started
2025-04-14 14:04:15,295 - INFO - Selected file: LowestCommonAncestorBST.py at 2025-04-14 14:04:15
2025-04-14 14:04:15,295 - INFO - Successfully copied content from LowestCommonAncestorBST.py to practice.py
2025-04-14 14:04:15,931 - INFO - Git operations completed successfully
2025-04-14 14:04:15,932 - INFO - Selected file: TopKFrequentElements.py at 2025-04-14 14:04:15
2025-04-14 14:04:15,933 - INFO - Successfully copied content from TopKFrequentElements.py to practice.py
2025-04-14 14:04:16,588 - INFO - Git operations completed successfully
2025-04-14 14:04:16,589 - INFO - Selected file: NumberOfConnectedCompDAG.py at 2025-04-14 14:04:16
2025-04-14 14:04:16,590 - INFO - Successfully copied content from NumberOfConnectedCompDAG.py to practice.py
2025-04-14 14:04:17,142 - INFO - Git operations completed successfully
2025-04-14 14:04:17,143 - INFO - Selected file: FindMedianFromDataStream.py at 2025-04-14 14:04:17
2025-04-14 14:04:17,143 - INFO - Successfully copied content from FindMedianFromDataStream.py to practice.py
2025-04-15 00:12:56,830 - INFO - Script started
2025-04-15 00:12:56,830 - INFO - Waiting until 2025-04-15 01:56:43...
2025-04-15 11:08:56,332 - INFO - Script started
2025-04-15 11:08:56,332 - INFO - Selected file: TwoSumII.py at 2025-04-15 11:08:56
2025-04-15 11:08:56,332 - INFO - Successfully copied content from TwoSumII.py to practice.py
2025-04-15 11:08:57,435 - INFO - Git operations completed successfully
2025-04-15 11:08:57,436 - INFO - Selected file: SearchInRotatedArray.py at 2025-04-15 11:08:57
2025-04-15 11:08:57,436 - INFO - Successfully copied content from SearchInRotatedArray.py to practice.py
2025-04-15 11:08:58,249 - INFO - Git operations completed successfully
2025-04-15 11:08:58,249 - INFO - Selected file: .gitignore at 2025-04-15 11:08:58
2025-04-15 11:08:58,249 - INFO - Successfully copied content from .gitignore to practice.py
2025-04-15 11:08:58,901 - INFO - Git operations completed successfully
2025-04-15 11:08:58,901 - INFO - Selected file: MergeK-SortedLinkedList.py at 2025-04-15 11:08:58
2025-04-15 11:08:58,902 - INFO - Successfully copied content from MergeK-SortedLinkedList.py to practice.py
2025-04-15 11:08:59,508 - INFO - Git operations completed successfully
2025-04-15 11:08:59,509 - INFO - Selected file: SubtreeOfAnotherTree.py at 2025-04-15 11:08:59
2025-04-15 11:08:59,509 - INFO - Successfully copied content from SubtreeOfAnotherTree.py to practice.py
2025-04-15 11:09:00,092 - INFO - Git operations completed successfully
2025-04-15 11:09:00,093 - INFO - Waiting until 2025-04-15 16:23:37...
2025-04-16 19:03:53,713 - INFO - Script started
2025-04-16 19:03:53,714 - INFO - Selected file: ValidSudoku.py at 2025-04-16 19:03:53
2025-04-16 19:03:53,714 - INFO - Successfully copied content from ValidSudoku.py to practice.py
2025-04-16 19:03:54,330 - INFO - Git operations completed successfully
2025-04-16 19:03:54,330 - INFO - Selected file: ProductOfArrayItself.py at 2025-04-16 19:03:54
2025-04-16 19:03:54,331 - INFO - Successfully copied content from ProductOfArrayItself.py to practice.py
2025-04-16 19:03:54,962 - INFO - Git operations completed successfully
2025-04-16 19:03:54,963 - INFO - Selected file: InvertBinaryTree.py at 2025-04-16 19:03:54
2025-04-16 19:03:54,963 - INFO - Successfully copied content from InvertBinaryTree.py to practice.py
2025-04-16 19:03:55,594 - INFO - Git operations completed successfully
2025-04-16 19:03:55,595 - INFO - Selected file: RemoveNodeEndOfList.py at 2025-04-16 19:03:55
2025-04-16 19:03:55,595 - INFO - Successfully copied content from RemoveNodeEndOfList.py to practice.py
2025-04-16 19:03:56,153 - INFO - Git operations completed successfully
2025-04-16 19:03:56,153 - INFO - Selected file: KthSmallestIntegerBST.py at 2025-04-16 19:03:56
2025-04-16 19:03:56,154 - INFO - Successfully copied content from KthSmallestIntegerBST.py to practice.py
2025-04-16 19:03:56,768 - INFO - Git operations completed successfully
2025-04-16 19:03:56,769 - INFO - Selected file: ValidSudoku.py at 2025-04-16 19:03:56
2025-04-16 19:03:56,769 - INFO - Successfully copied content from ValidSudoku.py to practice.py
2025-04-16 19:03:57,440 - INFO - Git operations completed successfully
2025-04-16 19:03:57,440 - INFO - Selected file: InvertBinaryTree.py at 2025-04-16 19:03:57
2025-04-16 19:03:57,440 - INFO - Successfully copied content from InvertBinaryTree.py to practice.py
2025-04-16 19:03:58,045 - INFO - Git operations completed successfully
2025-04-16 19:03:58,048 - INFO - Selected file: ReorderLinkedList.py at 2025-04-16 19:03:58
2025-04-16 19:03:58,054 - INFO - Successfully copied content from ReorderLinkedList.py to practice.py
2025-04-16 19:03:58,620 - INFO - Git operations completed successfully
2025-04-16 19:03:58,621 - INFO - Selected file: 3Sum.py at 2025-04-16 19:03:58
2025-04-16 19:03:58,621 - INFO - Successfully copied content from 3Sum.py to practice.py
2025-04-16 19:03:59,214 - INFO - Git operations completed successfully
2025-04-16 19:03:59,214 - INFO - Waiting until 2025-04-16 23:58:41...
2025-04-17 10:12:28,220 - INFO - Script started
2025-04-17 10:12:28,224 - INFO - Selected file: TopKFrequentElements.py at 2025-04-17 10:12:28
2025-04-17 10:12:28,225 - INFO - Successfully copied content from TopKFrequentElements.py to practice.py
2025-04-17 10:12:28,958 - INFO - Git operations completed successfully
2025-04-17 10:12:28,959 - INFO - Selected file: ImplementTriePrefixTree.py at 2025-04-17 10:12:28
2025-04-17 10:12:28,960 - INFO - Successfully copied content from ImplementTriePrefixTree.py to practice.py
2025-04-17 10:12:29,933 - INFO - Git operations completed successfully
2025-04-17 10:12:29,934 - INFO - Waiting until 2025-04-17 11:45:42...
2025-04-18 00:20:56,365 - INFO - Script started
2025-04-18 00:20:56,365 - INFO - Waiting until 2025-04-18 03:36:37...
2025-04-18 14:35:11,126 - INFO - Script started
2025-04-18 14:35:11,127 - INFO - Selected file: CourseSchedule.py at 2025-04-18 14:35:11
2025-04-18 14:35:11,128 - INFO - Successfully copied content from CourseSchedule.py to practice.py
2025-04-18 14:35:11,746 - INFO - Git operations completed successfully
2025-04-18 14:35:11,746 - INFO - Selected file: SerializeDeserializeBinaryTree.py at 2025-04-18 14:35:11
2025-04-18 14:35:11,747 - INFO - Successfully copied content from SerializeDeserializeBinaryTree.py to practice.py
2025-04-18 14:35:12,306 - INFO - Git operations completed successfully
2025-04-18 14:35:12,306 - INFO - Selected file: CombinationSum.py at 2025-04-18 14:35:12
2025-04-18 14:35:12,306 - INFO - Successfully copied content from CombinationSum.py to practice.py
2025-04-18 14:35:12,874 - INFO - Git operations completed successfully
2025-04-18 14:35:12,875 - INFO - Selected file: NumberOfConnectedCompDAG.py at 2025-04-18 14:35:12
2025-04-18 14:35:12,875 - INFO - Successfully copied content from NumberOfConnectedCompDAG.py to practice.py
2025-04-18 14:35:13,554 - INFO - Git operations completed successfully
2025-04-18 14:35:13,555 - INFO - Selected file: TopKFrequentElements.py at 2025-04-18 14:35:13
2025-04-18 14:35:13,556 - INFO - Successfully copied content from TopKFrequentElements.py to practice.py
2025-04-18 14:35:14,196 - INFO - Git operations completed successfully
2025-04-18 14:35:14,197 - INFO - Selected file: RemoveNodeEndOfList.py at 2025-04-18 14:35:14
2025-04-18 14:35:14,197 - INFO - Successfully copied content from RemoveNodeEndOfList.py to practice.py
2025-04-18 14:35:14,912 - INFO - Git operations completed successfully
2025-04-18 14:35:14,913 - INFO - Waiting until 2025-04-18 16:54:01...
2025-04-19 12:12:06,354 - INFO - Script started
2025-04-19 12:12:06,355 - INFO - Selected file: InvertBinaryTree.py at 2025-04-19 12:12:06
2025-04-19 12:12:06,356 - INFO - Successfully copied content from InvertBinaryTree.py to practice.py
2025-04-19 12:12:06,939 - INFO - Git operations completed successfully
2025-04-19 12:12:06,940 - INFO - Selected file: BinaryTreeMaxPathSum.py at 2025-04-19 12:12:06
2025-04-19 12:12:06,940 - INFO - Successfully copied content from BinaryTreeMaxPathSum.py to practice.py
2025-04-19 12:12:07,493 - INFO - Git operations completed successfully
2025-04-19 12:12:07,493 - INFO - Selected file: LongestRepeatingCharReplacement.py at 2025-04-19 12:12:07
2025-04-19 12:12:07,493 - INFO - Successfully copied content from LongestRepeatingCharReplacement.py to practice.py
2025-04-19 12:12:08,086 - INFO - Git operations completed successfully
2025-04-19 12:12:08,087 - INFO - Selected file: ContainsDuplicate.py at 2025-04-19 12:12:08
2025-04-19 12:12:08,087 - INFO - Successfully copied content from ContainsDuplicate.py to practice.py
2025-04-19 12:12:08,760 - INFO - Git operations completed successfully
2025-04-19 12:12:08,762 - INFO - Selected file: ReverseLinkedList.py at 2025-04-19 12:12:08
2025-04-19 12:12:08,762 - INFO - Successfully copied content from ReverseLinkedList.py to practice.py
2025-04-19 12:12:09,408 - INFO - Git operations completed successfully
2025-04-19 12:12:09,409 - INFO - Waiting until 2025-04-19 12:57:23...
2025-04-19 12:57:22,983 - INFO - Selected file: WordSearch.py at 2025-04-19 12:57:22
2025-04-19 12:57:22,984 - INFO - Successfully copied content from WordSearch.py to practice.py
2025-04-19 12:57:23,856 - INFO - Git operations completed successfully
2025-04-19 12:57:23,856 - INFO - Waiting until 2025-04-19 13:04:53...
2025-04-19 13:04:53,003 - INFO - Selected file: MinimumWindowSubs.py at 2025-04-19 13:04:53
2025-04-19 13:04:53,004 - INFO - Successfully copied content from MinimumWindowSubs.py to practice.py
2025-04-19 13:04:53,610 - INFO - Git operations completed successfully
2025-04-19 13:04:53,611 - INFO - Waiting until 2025-04-19 14:36:16...
2025-04-21 21:48:40,180 - INFO - Script started
2025-04-21 21:48:40,182 - INFO - Selected file: LongestRepeatingCharReplacement.py at 2025-04-21 21:48:40
2025-04-21 21:48:40,182 - INFO - Successfully copied content from LongestRepeatingCharReplacement.py to practice.py
2025-04-21 21:48:40,762 - INFO - Git operations completed successfully
2025-04-21 21:48:40,762 - INFO - Selected file: LinkedListCycle.py at 2025-04-21 21:48:40
2025-04-21 21:48:40,763 - INFO - Successfully copied content from LinkedListCycle.py to practice.py
2025-04-21 21:48:41,521 - INFO - Git operations completed successfully
2025-04-21 21:48:41,522 - INFO - Selected file: 3Sum.py at 2025-04-21 21:48:41
2025-04-21 21:48:41,522 - INFO - Successfully copied content from 3Sum.py to practice.py
2025-04-21 21:48:42,125 - INFO - Git operations completed successfully
2025-04-21 21:48:42,125 - INFO - Selected file: NumberOfIslands.py at 2025-04-21 21:48:42
2025-04-21 21:48:42,125 - INFO - Successfully copied content from NumberOfIslands.py to practice.py
2025-04-21 21:48:42,723 - INFO - Git operations completed successfully
2025-04-21 21:48:42,723 - INFO - Selected file: MergeTwoSortedLinkedList.py at 2025-04-21 21:48:42
2025-04-21 21:48:42,724 - INFO - Successfully copied content from MergeTwoSortedLinkedList.py to practice.py
2025-04-21 21:48:43,467 - INFO - Git operations completed successfully
2025-04-21 21:48:43,468 - INFO - Selected file: KthSmallestIntegerBST.py at 2025-04-21 21:48:43
2025-04-21 21:48:43,469 - INFO - Successfully copied content from KthSmallestIntegerBST.py to practice.py
2025-04-21 21:48:44,064 - INFO - Git operations completed successfully
2025-04-21 21:48:44,065 - INFO - Selected file: ReorderLinkedList.py at 2025-04-21 21:48:44
2025-04-21 21:48:44,065 - INFO - Successfully copied content from ReorderLinkedList.py to practice.py
2025-04-21 21:48:44,702 - INFO - Git operations completed successfully
2025-04-21 21:48:44,702 - INFO - Selected file: ValidSudoku.py at 2025-04-21 21:48:44
2025-04-21 21:48:44,702 - INFO - Successfully copied content from ValidSudoku.py to practice.py
2025-04-21 21:48:45,265 - INFO - Git operations completed successfully
2025-04-21 21:48:45,266 - INFO - Selected file: CombinationSum.py at 2025-04-21 21:48:45
2025-04-21 21:48:45,266 - INFO - Successfully copied content from CombinationSum.py to practice.py
2025-04-21 21:48:45,945 - INFO - Git operations completed successfully
2025-04-21 21:48:45,946 - INFO - Selected file: .gitignore at 2025-04-21 21:48:45
2025-04-21 21:48:45,947 - INFO - Successfully copied content from .gitignore to practice.py
2025-04-21 21:48:46,715 - INFO - Git operations completed successfully
2025-04-22 17:05:20,410 - INFO - Script started
2025-04-22 17:05:20,412 - INFO - Selected file: NumberOfIslands.py at 2025-04-22 17:05:20
2025-04-22 17:05:20,412 - INFO - Successfully copied content from NumberOfIslands.py to practice.py
2025-04-22 17:05:21,198 - INFO - Git operations completed successfully
2025-04-22 17:05:21,198 - INFO - Selected file: TwoSum.py at 2025-04-22 17:05:21
2025-04-22 17:05:21,198 - INFO - Successfully copied content from TwoSum.py to practice.py
2025-04-22 17:05:21,861 - INFO - Git operations completed successfully
2025-04-22 17:05:21,861 - INFO - Selected file: GraphValidTree.py at 2025-04-22 17:05:21
2025-04-22 17:05:21,862 - INFO - Successfully copied content from GraphValidTree.py to practice.py
2025-04-22 17:05:22,457 - INFO - Git operations completed successfully
2025-04-22 17:05:22,458 - INFO - Selected file: TwoSum.py at 2025-04-22 17:05:22
2025-04-22 17:05:22,458 - INFO - Successfully copied content from TwoSum.py to practice.py
2025-04-22 17:05:23,183 - INFO - Git operations completed successfully
2025-04-22 17:05:23,184 - INFO - Selected file: 3Sum.py at 2025-04-22 17:05:23
2025-04-22 17:05:23,185 - INFO - Successfully copied content from 3Sum.py to practice.py
2025-04-22 17:05:23,777 - INFO - Git operations completed successfully
2025-04-22 17:05:23,777 - INFO - Selected file: ValidSudoku.py at 2025-04-22 17:05:23
2025-04-22 17:05:23,777 - INFO - Successfully copied content from ValidSudoku.py to practice.py
2025-04-22 17:05:24,359 - INFO - Git operations completed successfully
2025-04-22 17:05:24,360 - INFO - Selected file: CourseSchedule.py at 2025-04-22 17:05:24
2025-04-22 17:05:24,361 - INFO - Successfully copied content from CourseSchedule.py to practice.py
2025-04-22 17:05:24,961 - INFO - Git operations completed successfully
2025-04-22 17:05:24,962 - INFO - Selected file: RemoveNodeEndOfList.py at 2025-04-22 17:05:24
2025-04-22 17:05:24,963 - INFO - Successfully copied content from RemoveNodeEndOfList.py to practice.py
2025-04-22 17:05:25,537 - INFO - Git operations completed successfully
2025-04-22 17:05:25,538 - INFO - Selected file: LowestCommonAncestorBST.py at 2025-04-22 17:05:25
2025-04-22 17:05:25,539 - INFO - Successfully copied content from LowestCommonAncestorBST.py to practice.py
2025-04-22 17:05:26,232 - INFO - Git operations completed successfully
2025-04-22 17:05:26,232 - INFO - Waiting until 2025-04-22 20:48:47...
2025-04-23 10:23:55,491 - INFO - Script started
2025-04-23 10:23:55,492 - INFO - Selected file: KthSmallestIntegerBST.py at 2025-04-23 10:23:55
2025-04-23 10:23:55,492 - INFO - Successfully copied content from KthSmallestIntegerBST.py to practice.py
2025-04-23 10:23:56,163 - INFO - Git operations completed successfully
2025-04-23 10:23:56,163 - INFO - Selected file: SubtreeOfAnotherTree.py at 2025-04-23 10:23:56
2025-04-23 10:23:56,164 - INFO - Successfully copied content from SubtreeOfAnotherTree.py to practice.py
